#Software: WebDev.WebServer
#ProcessID: 7348
#AppDomain: eb4301ba-1-131079282818906250
#FileName: D:\Program Files\Common Files\Microsoft Shared\DevServer\9.0\WebDev.WebServer.EXE
#BaseDirectory: E:\vs2008_svn签出\四川泸县数字农经网\HzsCms\HzsWeb\
#CurrentDirectory: E:\vs2008_svn签出\四川泸县数字农经网\HzsCms
#CommandLine: /port:12701 /path:"E:\vs2008_svn签出\四川泸县数字农经网\HzsCms\HzsWeb" /vpath:"/"
#ApplicationType: Web
#CLR: 2.0.50727.3662
#OS: Windows Server 2003 Standard Service Pack 2, Administrator/SUNSOFT-821E9FB
#Date: 2016-05-17
#Fields: Time ThreadID IsPoolThread ThreadName Message
11:12:06.843 4 W - NewLife.Core v3.9.2013.0907 Build 2013-09-17 17:48:48
11:12:06.890 4 W - NewLife.XCode v8.9.2013.0909 Build 2013-09-17 17:58:18
11:12:06.890 4 W - [hzsweb]GetSchema("MetaDataCollections")
11:12:06.906 4 W - [hzsweb]GetSchema("Databases", "sclxnjw")
11:12:07.031 4 W - [hzsweb]GetSchema("Tables")
11:12:07.375 4 W - [hzsweb]GetSchema("Columns")
11:12:07.484 4 W - [hzsweb]GetSchema("Indexes")
11:12:07.500 4 W - [hzsweb]GetSchema("IndexColumns")
11:12:07.578 4 W - [hzsweb]GetSchema("DataTypes")
11:12:07.656 4 W - select rows from sysindexes where id = object_id('AdminUser') and indid in (0,1)
11:12:07.671 4 W - 初始化HzsModel.Models.AdminUser数据
11:12:07.687 4 W - 一级缓存：关闭缓存
11:12:07.718 4 W - [hzsweb]GetSchema("ReservedWords")
11:12:07.750 4 W - 开始检查连接[hzsweb/SqlServer]的数据库架构……
11:12:07.796 4 W - [hzsweb]的所有实体类（19个）：SysLog,HzsGlory,HzsArea,Trade,NewsType,Link,PlacesInfo,NewsInfo,TradeConsult,HzsAddress,TradeSort,HzsGrade,Company,AdminUser,HzsUser,DM_ZZDW,AdminRole,HzsClass,LoginLog
11:12:07.796 4 W - [hzsweb]需要检查架构的实体类（19个）：SysLog,HzsGlory,HzsArea,Trade,NewsType,Link,PlacesInfo,NewsInfo,TradeConsult,HzsAddress,TradeSort,HzsGrade,Company,AdminUser,HzsUser,DM_ZZDW,AdminRole,HzsClass,LoginLog
11:12:07.796 4 W - hzsweb待检查表架构的实体个数：19
11:12:07.906 4 W - 检查连接[hzsweb/SqlServer]的数据库架构耗时00:00:00.1525244
11:12:07.906 4 W - Select * From AdminUser Order By adminid Desc
11:12:08.015 4 W - 初始化HzsModel.Models.LoginLog数据
11:12:08.015 4 W - SET NOCOUNT ON;Insert Into LoginLog(adminid, adminname, remark, logintime, loginip, ltype, islogin) Values(2, N'admin', N'成功.', {ts'2016-05-17 11:12:07'}, N'127.0.0.1', 1, 0);Select SCOPE_IDENTITY()
11:12:25.843 4 W - SET NOCOUNT ON;Insert Into LoginLog(adminid, adminname, remark, logintime, loginip, ltype, islogin) Values(2, N'admin', N'成功.', {ts'2016-05-17 11:12:25'}, N'127.0.0.1', 1, 0);Select SCOPE_IDENTITY()
11:13:53.125 4 W - 初始化HzsModel.Models.DM_ZZDW数据
11:13:53.125 4 W - Select Top 1 * From DM_ZZDW Where ZZDW_DM='510521002000' Order By ID Desc
11:13:53.203 19 W - Select Top 1 * From DM_ZZDW Where ZZDW_DM='510521002000' Order By ID Desc
11:14:45.140 19 W - Select * From AdminUser Order By adminid Desc
