#Software: WebDev.WebServer
#ProcessID: 9896
#AppDomain: 28b94d4e-1-131022434219301935
#FileName: D:\Program Files\Common Files\Microsoft Shared\DevServer\9.0\WebDev.WebServer.EXE
#BaseDirectory: E:\vs2008_svn签出\泸县合作社\HzsCms\HzsWeb\
#CurrentDirectory: E:\vs2008_svn签出\泸县合作社
#CommandLine: /port:2368 /path:"E:\vs2008_svn签出\泸县合作社\HzsCms\HzsWeb" /vpath:"/"
#ApplicationType: Web
#CLR: 2.0.50727.3662
#OS: Windows Server 2003 Standard Service Pack 2, Administrator/SUNSOFT-821E9FB
#Date: 2016-03-12
#Fields: Time ThreadID IsPoolThread ThreadName Message
16:04:24.086 4 W - NewLife.Core v3.9.2013.0907 Build 2013-09-17 17:48:48
16:04:24.180 4 W - NewLife.XCode v8.9.2013.0909 Build 2013-09-17 17:58:18
16:04:24.180 4 W - [hzsweb]GetSchema("MetaDataCollections")
16:04:24.305 4 W - [hzsweb]GetSchema("Databases", "hzsweb")
16:04:24.383 4 W - [hzsweb]GetSchema("Tables")
16:04:25.195 4 W - [hzsweb]GetSchema("Columns")
16:04:25.336 4 W - [hzsweb]GetSchema("Indexes")
16:04:25.367 4 W - [hzsweb]GetSchema("IndexColumns")
16:04:25.461 4 W - [hzsweb]GetSchema("DataTypes")
16:04:25.586 4 W - select rows from sysindexes where id = object_id('AdminUser') and indid in (0,1)
16:04:25.648 4 W - 初始化HzsModel.Models.AdminUser数据
16:04:25.664 4 W - 一级缓存：关闭缓存
16:04:25.695 4 W - [hzsweb]GetSchema("ReservedWords")
16:04:25.711 4 W - 开始检查连接[hzsweb/SqlServer]的数据库架构……
16:04:25.758 4 W - [hzsweb]的所有实体类（18个）：Link,HzsAddress,SysLog,HzsGrade,AdminRole,HzsUser,LoginLog,Trade,HzsArea,HzsClass,TradeConsult,HzsGlory,Company,AdminUser,TradeSort,NewsType,PlacesInfo,NewsInfo
16:04:25.758 4 W - [hzsweb]需要检查架构的实体类（18个）：Link,HzsAddress,SysLog,HzsGrade,AdminRole,HzsUser,LoginLog,Trade,HzsArea,HzsClass,TradeConsult,HzsGlory,Company,AdminUser,TradeSort,NewsType,PlacesInfo,NewsInfo
16:04:25.758 4 W - hzsweb待检查表架构的实体个数：18
16:04:26.273 4 W - 检查连接[hzsweb/SqlServer]的数据库架构耗时00:00:00.5570694
16:04:26.273 4 W - Select * From AdminUser Order By adminid Desc
16:04:54.164 19 W - 初始化HzsModel.Models.LoginLog数据
16:04:54.180 19 W - SET NOCOUNT ON;Insert Into LoginLog(adminid, adminname, remark, logintime, loginip, ltype, islogin) Values(1, N'HIKYUU', N'成功.', {ts'2016-03-12 16:04:54'}, N'127.0.0.1', 0, 0);Select SCOPE_IDENTITY()
16:04:54.586 4 W - select top 2 * from LoginLog where islogin=0 and ltype =1 order by id desc
