#Software: WebDev.WebServer
#ProcessID: 8012
#AppDomain: eb4301ba-1-131121725004375000
#FileName: D:\Program Files\Common Files\Microsoft Shared\DevServer\9.0\WebDev.WebServer.EXE
#BaseDirectory: E:\vs2008_svn签出\四川泸县数字农经网\HzsCms\HzsWeb\
#CurrentDirectory: E:\vs2008_svn签出\四川泸县数字农经网\HzsCms
#CommandLine: /port:12701 /path:"E:\vs2008_svn签出\四川泸县数字农经网\HzsCms\HzsWeb" /vpath:"/"
#ApplicationType: Web
#CLR: 2.0.50727.3662
#OS: Windows Server 2003 Standard Service Pack 2, Administrator/SUNSOFT-821E9FB
#Date: 2016-07-05
#Fields: Time ThreadID IsPoolThread ThreadName Message
14:08:39.734 19 W - NewLife.Core v3.9.2013.0907 Build 2013-09-17 17:48:48
14:08:40.109 19 W - NewLife.XCode v8.9.2013.0909 Build 2013-09-17 17:58:18
14:08:40.109 19 W - [hzsweb]GetSchema("MetaDataCollections")
14:08:40.281 19 W - [hzsweb]GetSchema("Databases", "sclxnjw")
14:08:41.015 19 W - [hzsweb]GetSchema("Tables")
14:08:42.609 19 W - [hzsweb]GetSchema("Columns")
14:08:42.812 19 W - [hzsweb]GetSchema("Indexes")
14:08:42.843 19 W - [hzsweb]GetSchema("IndexColumns")
14:08:42.937 19 W - [hzsweb]GetSchema("DataTypes")
14:08:43.062 19 W - select rows from sysindexes where id = object_id('AdminUser') and indid in (0,1)
14:08:43.078 19 W - 初始化HzsModel.Models.AdminUser数据
14:08:43.093 19 W - 一级缓存：关闭缓存
14:08:43.125 19 W - [hzsweb]GetSchema("ReservedWords")
14:08:43.171 19 W - 开始检查连接[hzsweb/SqlServer]的数据库架构……
14:08:43.218 19 W - [hzsweb]的所有实体类（19个）：SysLog,HzsGlory,HzsArea,Trade,NewsType,Link,PlacesInfo,NewsInfo,TradeConsult,HzsAddress,TradeSort,HzsGrade,Company,AdminUser,HzsUser,DM_ZZDW,AdminRole,HzsClass,LoginLog
14:08:43.218 19 W - [hzsweb]需要检查架构的实体类（19个）：SysLog,HzsGlory,HzsArea,Trade,NewsType,Link,PlacesInfo,NewsInfo,TradeConsult,HzsAddress,TradeSort,HzsGrade,Company,AdminUser,HzsUser,DM_ZZDW,AdminRole,HzsClass,LoginLog
14:08:43.218 19 W - hzsweb待检查表架构的实体个数：19
14:08:43.296 19 W - 检查连接[hzsweb/SqlServer]的数据库架构耗时00:00:00.1260109
14:08:43.296 19 W - Select * From AdminUser Order By adminid Desc
14:08:43.453 19 W - 初始化HzsModel.Models.LoginLog数据
14:08:43.453 19 W - SET NOCOUNT ON;Insert Into LoginLog(adminid, adminname, remark, logintime, loginip, ltype, islogin) Values(2, N'admin', N'成功.', {ts'2016-07-05 14:08:43'}, N'127.0.0.1', 1, 0);Select SCOPE_IDENTITY()
14:08:44.000 19 W - select top 2 * from LoginLog where islogin=0 and ltype =1 order by id desc
14:10:00.921 4 W - 初始化HzsModel.Models.DM_ZZDW数据
14:10:00.937 4 W - Select Top 1 * From DM_ZZDW Where ZZDW_DM='510521002000' Order By ID Desc
