#Software: WebDev.WebServer
#ProcessID: 7516
#AppDomain: eb4301ba-1-131027375822968750
#FileName: D:\Program Files\Common Files\Microsoft Shared\DevServer\9.0\WebDev.WebServer.EXE
#BaseDirectory: E:\vs2008_svn签出\四川泸县数字农经网\HzsCms\HzsWeb\
#CurrentDirectory: D:\Program Files\Microsoft Visual Studio 9.0\Common7\IDE
#CommandLine: /port:12701 /path:"E:\vs2008_svn签出\四川泸县数字农经网\HzsCms\HzsWeb" /vpath:"/"
#ApplicationType: Web
#CLR: 2.0.50727.3662
#OS: Windows Server 2003 Standard Service Pack 2, Administrator/SUNSOFT-821E9FB
#Date: 2016-03-18
#Fields: Time ThreadID IsPoolThread ThreadName Message
09:21:01.453 4 W - NewLife.Core v3.9.2013.0907 Build 2013-09-17 17:48:48
09:21:01.531 4 W - NewLife.XCode v8.9.2013.0909 Build 2013-09-17 17:58:18
09:21:01.531 4 W - 开始检查连接[hzsweb/SqlServer]的数据库架构……
09:21:01.578 4 W - [hzsweb]的所有实体类（19个）：SysLog,HzsGlory,HzsArea,Trade,NewsType,Link,PlacesInfo,NewsInfo,TradeConsult,HzsAddress,TradeSort,HzsGrade,Company,AdminUser,HzsUser,DM_ZZDW,AdminRole,HzsClass,LoginLog
09:21:01.578 4 W - [hzsweb]需要检查架构的实体类（19个）：SysLog,HzsGlory,HzsArea,Trade,NewsType,Link,PlacesInfo,NewsInfo,TradeConsult,HzsAddress,TradeSort,HzsGrade,Company,AdminUser,HzsUser,DM_ZZDW,AdminRole,HzsClass,LoginLog
09:21:01.578 4 W - hzsweb待检查表架构的实体个数：19
09:21:01.734 4 W - [hzsweb]GetSchema("MetaDataCollections")
09:21:02.000 4 W - [hzsweb]GetSchema("Databases", "sclxnjw")
09:21:03.484 4 W - [hzsweb]GetSchema("Tables")
09:21:04.859 4 W - [hzsweb]GetSchema("Columns")
09:21:05.015 4 W - [hzsweb]GetSchema("Indexes")
09:21:05.062 4 W - [hzsweb]GetSchema("IndexColumns")
09:21:05.156 4 W - [hzsweb]GetSchema("DataTypes")
09:21:05.296 4 W - 检查连接[hzsweb/SqlServer]的数据库架构耗时00:00:03.7729898
09:21:05.359 4 W - [hzsweb]GetSchema("ReservedWords")
09:21:05.406 4 W - 初始化HzsModel.Models.LoginLog数据
09:21:05.406 4 W - 一级缓存：关闭缓存
09:21:05.421 4 W - SET NOCOUNT ON;Insert Into LoginLog(adminid, adminname, remark, logintime, loginip, ltype, islogin) Values(1, N'HIKYUU', N'成功.', {ts'2016-03-18 09:21:01'}, N'127.0.0.1', 0, 0);Select SCOPE_IDENTITY()
09:21:34.750 19 W - SET NOCOUNT ON;Insert Into LoginLog(adminid, adminname, remark, logintime, loginip, ltype, islogin) Values(1, N'HIKYUU', N'成功.', {ts'2016-03-18 09:21:34'}, N'127.0.0.1', 0, 0);Select SCOPE_IDENTITY()
10:21:05.781 4 W - 初始化HzsModel.Models.HzsArea数据
10:21:05.812 4 W - Select * From HzsArea Order By id Desc
10:21:05.906 4 W - Select * From HzsArea Order By id Desc
10:21:06.015 4 W - 初始化HzsModel.Models.TradeSort数据
10:21:06.015 4 W - Select * From TradeSort Order By sortid Desc
10:21:06.031 4 W - Select * From TradeSort Order By sortid Desc
10:21:06.046 4 W - 初始化HzsModel.Models.NewsType数据
10:21:06.046 4 W - Select * From NewsType Order By id Desc
10:21:06.062 4 W - Select * From NewsType Order By id Desc
10:21:06.062 4 W - 初始化HzsModel.Models.HzsClass数据
10:21:06.062 4 W - Select * From HzsClass Order By sortid Desc
10:21:06.078 4 W - Select * From HzsClass Order By sortid Desc
10:30:45.531 19 W - 初始化HzsModel.Models.AdminUser数据
10:30:45.546 19 W - SET NOCOUNT ON;Insert Into AdminUser(utype, name, apwd, email, isdel, addtime) Values(1, N'admin', N'8+3HguCbGAg=', N'admin@163.com', 0, {ts'2016-03-18 10:30:45'});Select SCOPE_IDENTITY()
10:30:45.546 19 W - 初始化HzsModel.Models.SysLog数据
10:30:45.546 19 W - SET NOCOUNT ON;Insert Into SysLog(logValue, operate, editor, ip, logType, addtime, adminid) Values(N'添加管理员admin成功', N'Add', N'2', N'127.0.0.1', 1, {ts'2016-03-18 10:30:45'}, 1);Select SCOPE_IDENTITY()
10:31:03.484 19 W - select rows from sysindexes where id = object_id('AdminUser') and indid in (0,1)
10:31:03.515 19 W - Select * From AdminUser Order By adminid Desc
10:31:03.515 19 W - SET NOCOUNT ON;Insert Into LoginLog(adminid, adminname, remark, logintime, loginip, ltype, islogin) Values(2, N'admin', N'成功.', {ts'2016-03-18 10:31:03'}, N'127.0.0.1', 1, 0);Select SCOPE_IDENTITY()
